<?xml version="1.0" encoding="UTF-8"?>
<testng-results ignored="0" total="0" passed="0" failed="0" skipped="0">
  <reporter-output>
  </reporter-output>
  <suite started-at="2021-11-21T09:37:49Z" name="saucelabtest.SauceLabDemoTest" finished-at="2021-11-21T09:37:49Z" duration-ms="5">
    <groups>
    </groups>
    <test started-at="2021-11-21T09:37:49Z" name="Command line test" finished-at="2021-11-21T09:37:49Z" duration-ms="5">
    </test> <!-- Command line test -->
  </suite> <!-- saucelabtest.SauceLabDemoTest -->
</testng-results>
